<?xml version="1.0" encoding="UTF-8"?>
<testsuite xmlns:xsi="http://www.w3.org/2001/XMLSchema-instance" xsi:noNamespaceSchemaLocation="https://maven.apache.org/surefire/maven-surefire-plugin/xsd/surefire-test-report-3.0.xsd" version="3.0" name="com.phasmidsoftware.dsaipg.projects.mcts.tictactoe.TicTacToeNodeTest" time="0.024" tests="6" errors="0" skipped="0" failures="0">
  <properties>
    <property name="java.specification.version" value="19"/>
    <property name="sun.jnu.encoding" value="UTF-8"/>
    <property name="java.class.path" value="/Users/AnjanaSruthiR/GIT/DSAIPG_Assignments_PSA/target/test-classes:/Users/AnjanaSruthiR/GIT/DSAIPG_Assignments_PSA/target/classes:/Users/AnjanaSruthiR/.m2/repository/com/phasmidsoftware/args_2.13/1.0.3/args_2.13-1.0.3.jar:/Users/AnjanaSruthiR/.m2/repository/org/scala-lang/scala-library/2.13.7/scala-library-2.13.7.jar:/Users/AnjanaSruthiR/.m2/repository/org/scala-lang/modules/scala-parser-combinators_2.13/1.1.2/scala-parser-combinators_2.13-1.1.2.jar:/Users/AnjanaSruthiR/.m2/repository/com/phasmidsoftware/number_2.13/1.0.12/number_2.13-1.0.12.jar:/Users/AnjanaSruthiR/.m2/repository/com/phasmidsoftware/flog_2.13/1.0.8/flog_2.13-1.0.8.jar:/Users/AnjanaSruthiR/.m2/repository/org/slf4j/slf4j-api/1.7.30/slf4j-api-1.7.30.jar:/Users/AnjanaSruthiR/.m2/repository/com/phasmidsoftware/matchers_2.13/1.0.5/matchers_2.13-1.0.5.jar:/Users/AnjanaSruthiR/.m2/repository/org/scala-lang/scala-compiler/2.13.6/scala-compiler-2.13.6.jar:/Users/AnjanaSruthiR/.m2/repository/org/scala-lang/scala-reflect/2.13.6/scala-reflect-2.13.6.jar:/Users/AnjanaSruthiR/.m2/repository/org/jline/jline/3.19.0/jline-3.19.0.jar:/Users/AnjanaSruthiR/.m2/repository/net/java/dev/jna/jna/5.3.1/jna-5.3.1.jar:/Users/AnjanaSruthiR/.m2/repository/org/apache/commons/commons-math3/3.6.1/commons-math3-3.6.1.jar:/Users/AnjanaSruthiR/.m2/repository/org/apache/logging/log4j/log4j-api/2.19.0/log4j-api-2.19.0.jar:/Users/AnjanaSruthiR/.m2/repository/log4j/log4j/1.2.17/log4j-1.2.17.jar:/Users/AnjanaSruthiR/.m2/repository/com/google/guava/guava/31.1-jre/guava-31.1-jre.jar:/Users/AnjanaSruthiR/.m2/repository/com/google/guava/failureaccess/1.0.1/failureaccess-1.0.1.jar:/Users/AnjanaSruthiR/.m2/repository/com/google/guava/listenablefuture/9999.0-empty-to-avoid-conflict-with-guava/listenablefuture-9999.0-empty-to-avoid-conflict-with-guava.jar:/Users/AnjanaSruthiR/.m2/repository/com/google/code/findbugs/jsr305/3.0.2/jsr305-3.0.2.jar:/Users/AnjanaSruthiR/.m2/repository/org/checkerframework/checker-qual/3.12.0/checker-qual-3.12.0.jar:/Users/AnjanaSruthiR/.m2/repository/com/google/errorprone/error_prone_annotations/2.11.0/error_prone_annotations-2.11.0.jar:/Users/AnjanaSruthiR/.m2/repository/com/google/j2objc/j2objc-annotations/1.3/j2objc-annotations-1.3.jar:/Users/AnjanaSruthiR/.m2/repository/org/ini4j/ini4j/0.5.4/ini4j-0.5.4.jar:/Users/AnjanaSruthiR/.m2/repository/junit/junit/4.13.2/junit-4.13.2.jar:/Users/AnjanaSruthiR/.m2/repository/org/hamcrest/hamcrest-core/1.3/hamcrest-core-1.3.jar:/Users/AnjanaSruthiR/.m2/repository/io/cucumber/cucumber-java/7.8.1/cucumber-java-7.8.1.jar:/Users/AnjanaSruthiR/.m2/repository/io/cucumber/cucumber-core/7.8.1/cucumber-core-7.8.1.jar:/Users/AnjanaSruthiR/.m2/repository/io/cucumber/cucumber-gherkin/7.8.1/cucumber-gherkin-7.8.1.jar:/Users/AnjanaSruthiR/.m2/repository/io/cucumber/cucumber-gherkin-messages/7.8.1/cucumber-gherkin-messages-7.8.1.jar:/Users/AnjanaSruthiR/.m2/repository/io/cucumber/gherkin/24.0.0/gherkin-24.0.0.jar:/Users/AnjanaSruthiR/.m2/repository/io/cucumber/messages/19.1.4/messages-19.1.4.jar:/Users/AnjanaSruthiR/.m2/repository/io/cucumber/tag-expressions/4.1.0/tag-expressions-4.1.0.jar:/Users/AnjanaSruthiR/.m2/repository/io/cucumber/cucumber-expressions/16.0.0/cucumber-expressions-16.0.0.jar:/Users/AnjanaSruthiR/.m2/repository/io/cucumber/datatable/7.8.1/datatable-7.8.1.jar:/Users/AnjanaSruthiR/.m2/repository/io/cucumber/cucumber-plugin/7.8.1/cucumber-plugin-7.8.1.jar:/Users/AnjanaSruthiR/.m2/repository/io/cucumber/docstring/7.8.1/docstring-7.8.1.jar:/Users/AnjanaSruthiR/.m2/repository/io/cucumber/html-formatter/20.1.0/html-formatter-20.1.0.jar:/Users/AnjanaSruthiR/.m2/repository/io/cucumber/ci-environment/9.1.0/ci-environment-9.1.0.jar:/Users/AnjanaSruthiR/.m2/repository/org/apiguardian/apiguardian-api/1.1.2/apiguardian-api-1.1.2.jar:/Users/AnjanaSruthiR/.m2/repository/io/cucumber/cucumber-junit/7.8.1/cucumber-junit-7.8.1.jar:/Users/AnjanaSruthiR/.m2/repository/com/belerweb/pinyin4j/2.5.1/pinyin4j-2.5.1.jar:/Users/AnjanaSruthiR/.m2/repository/org/jetbrains/annotations/13.0/annotations-13.0.jar:"/>
    <property name="java.vm.vendor" value="Oracle Corporation"/>
    <property name="sun.arch.data.model" value="64"/>
    <property name="java.vendor.url" value="https://java.oracle.com/"/>
    <property name="os.name" value="Mac OS X"/>
    <property name="java.vm.specification.version" value="19"/>
    <property name="user.country" value="US"/>
    <property name="sun.java.launcher" value="SUN_STANDARD"/>
    <property name="sun.boot.library.path" value="/Library/Java/JavaVirtualMachines/jdk-19.jdk/Contents/Home/lib"/>
    <property name="sun.java.command" value="/Users/AnjanaSruthiR/GIT/DSAIPG_Assignments_PSA/target/surefire/surefirebooter-20250331004527859_3.jar /Users/AnjanaSruthiR/GIT/DSAIPG_Assignments_PSA/target/surefire 2025-03-31T00-45-27_810-jvmRun1 surefire-20250331004527859_1tmp surefire_0-20250331004527859_2tmp"/>
    <property name="http.nonProxyHosts" value="local|*.local|169.254/16|*.169.254/16"/>
    <property name="jdk.debug" value="release"/>
    <property name="test" value="com.phasmidsoftware.dsaipg.projects.mcts.tictactoe.TicTacToeNodeTest"/>
    <property name="surefire.test.class.path" value="/Users/AnjanaSruthiR/GIT/DSAIPG_Assignments_PSA/target/test-classes:/Users/AnjanaSruthiR/GIT/DSAIPG_Assignments_PSA/target/classes:/Users/AnjanaSruthiR/.m2/repository/com/phasmidsoftware/args_2.13/1.0.3/args_2.13-1.0.3.jar:/Users/AnjanaSruthiR/.m2/repository/org/scala-lang/scala-library/2.13.7/scala-library-2.13.7.jar:/Users/AnjanaSruthiR/.m2/repository/org/scala-lang/modules/scala-parser-combinators_2.13/1.1.2/scala-parser-combinators_2.13-1.1.2.jar:/Users/AnjanaSruthiR/.m2/repository/com/phasmidsoftware/number_2.13/1.0.12/number_2.13-1.0.12.jar:/Users/AnjanaSruthiR/.m2/repository/com/phasmidsoftware/flog_2.13/1.0.8/flog_2.13-1.0.8.jar:/Users/AnjanaSruthiR/.m2/repository/org/slf4j/slf4j-api/1.7.30/slf4j-api-1.7.30.jar:/Users/AnjanaSruthiR/.m2/repository/com/phasmidsoftware/matchers_2.13/1.0.5/matchers_2.13-1.0.5.jar:/Users/AnjanaSruthiR/.m2/repository/org/scala-lang/scala-compiler/2.13.6/scala-compiler-2.13.6.jar:/Users/AnjanaSruthiR/.m2/repository/org/scala-lang/scala-reflect/2.13.6/scala-reflect-2.13.6.jar:/Users/AnjanaSruthiR/.m2/repository/org/jline/jline/3.19.0/jline-3.19.0.jar:/Users/AnjanaSruthiR/.m2/repository/net/java/dev/jna/jna/5.3.1/jna-5.3.1.jar:/Users/AnjanaSruthiR/.m2/repository/org/apache/commons/commons-math3/3.6.1/commons-math3-3.6.1.jar:/Users/AnjanaSruthiR/.m2/repository/org/apache/logging/log4j/log4j-api/2.19.0/log4j-api-2.19.0.jar:/Users/AnjanaSruthiR/.m2/repository/log4j/log4j/1.2.17/log4j-1.2.17.jar:/Users/AnjanaSruthiR/.m2/repository/com/google/guava/guava/31.1-jre/guava-31.1-jre.jar:/Users/AnjanaSruthiR/.m2/repository/com/google/guava/failureaccess/1.0.1/failureaccess-1.0.1.jar:/Users/AnjanaSruthiR/.m2/repository/com/google/guava/listenablefuture/9999.0-empty-to-avoid-conflict-with-guava/listenablefuture-9999.0-empty-to-avoid-conflict-with-guava.jar:/Users/AnjanaSruthiR/.m2/repository/com/google/code/findbugs/jsr305/3.0.2/jsr305-3.0.2.jar:/Users/AnjanaSruthiR/.m2/repository/org/checkerframework/checker-qual/3.12.0/checker-qual-3.12.0.jar:/Users/AnjanaSruthiR/.m2/repository/com/google/errorprone/error_prone_annotations/2.11.0/error_prone_annotations-2.11.0.jar:/Users/AnjanaSruthiR/.m2/repository/com/google/j2objc/j2objc-annotations/1.3/j2objc-annotations-1.3.jar:/Users/AnjanaSruthiR/.m2/repository/org/ini4j/ini4j/0.5.4/ini4j-0.5.4.jar:/Users/AnjanaSruthiR/.m2/repository/junit/junit/4.13.2/junit-4.13.2.jar:/Users/AnjanaSruthiR/.m2/repository/org/hamcrest/hamcrest-core/1.3/hamcrest-core-1.3.jar:/Users/AnjanaSruthiR/.m2/repository/io/cucumber/cucumber-java/7.8.1/cucumber-java-7.8.1.jar:/Users/AnjanaSruthiR/.m2/repository/io/cucumber/cucumber-core/7.8.1/cucumber-core-7.8.1.jar:/Users/AnjanaSruthiR/.m2/repository/io/cucumber/cucumber-gherkin/7.8.1/cucumber-gherkin-7.8.1.jar:/Users/AnjanaSruthiR/.m2/repository/io/cucumber/cucumber-gherkin-messages/7.8.1/cucumber-gherkin-messages-7.8.1.jar:/Users/AnjanaSruthiR/.m2/repository/io/cucumber/gherkin/24.0.0/gherkin-24.0.0.jar:/Users/AnjanaSruthiR/.m2/repository/io/cucumber/messages/19.1.4/messages-19.1.4.jar:/Users/AnjanaSruthiR/.m2/repository/io/cucumber/tag-expressions/4.1.0/tag-expressions-4.1.0.jar:/Users/AnjanaSruthiR/.m2/repository/io/cucumber/cucumber-expressions/16.0.0/cucumber-expressions-16.0.0.jar:/Users/AnjanaSruthiR/.m2/repository/io/cucumber/datatable/7.8.1/datatable-7.8.1.jar:/Users/AnjanaSruthiR/.m2/repository/io/cucumber/cucumber-plugin/7.8.1/cucumber-plugin-7.8.1.jar:/Users/AnjanaSruthiR/.m2/repository/io/cucumber/docstring/7.8.1/docstring-7.8.1.jar:/Users/AnjanaSruthiR/.m2/repository/io/cucumber/html-formatter/20.1.0/html-formatter-20.1.0.jar:/Users/AnjanaSruthiR/.m2/repository/io/cucumber/ci-environment/9.1.0/ci-environment-9.1.0.jar:/Users/AnjanaSruthiR/.m2/repository/org/apiguardian/apiguardian-api/1.1.2/apiguardian-api-1.1.2.jar:/Users/AnjanaSruthiR/.m2/repository/io/cucumber/cucumber-junit/7.8.1/cucumber-junit-7.8.1.jar:/Users/AnjanaSruthiR/.m2/repository/com/belerweb/pinyin4j/2.5.1/pinyin4j-2.5.1.jar:/Users/AnjanaSruthiR/.m2/repository/org/jetbrains/annotations/13.0/annotations-13.0.jar:"/>
    <property name="sun.cpu.endian" value="little"/>
    <property name="user.home" value="/Users/AnjanaSruthiR"/>
    <property name="user.language" value="en"/>
    <property name="java.specification.vendor" value="Oracle Corporation"/>
    <property name="java.version.date" value="2023-01-17"/>
    <property name="java.home" value="/Library/Java/JavaVirtualMachines/jdk-19.jdk/Contents/Home"/>
    <property name="file.separator" value="/"/>
    <property name="basedir" value="/Users/AnjanaSruthiR/GIT/DSAIPG_Assignments_PSA"/>
    <property name="java.vm.compressedOopsMode" value="Zero based"/>
    <property name="line.separator" value="&#10;"/>
    <property name="java.vm.specification.vendor" value="Oracle Corporation"/>
    <property name="java.specification.name" value="Java Platform API Specification"/>
    <property name="apple.awt.application.name" value="ForkedBooter"/>
    <property name="surefire.real.class.path" value="/Users/AnjanaSruthiR/GIT/DSAIPG_Assignments_PSA/target/surefire/surefirebooter-20250331004527859_3.jar"/>
    <property name="sun.management.compiler" value="HotSpot 64-Bit Tiered Compilers"/>
    <property name="ftp.nonProxyHosts" value="local|*.local|169.254/16|*.169.254/16"/>
    <property name="java.runtime.version" value="19.0.2+7-44"/>
    <property name="user.name" value="AnjanaSruthiR"/>
    <property name="stdout.encoding" value="UTF-8"/>
    <property name="path.separator" value=":"/>
    <property name="os.version" value="14.6.1"/>
    <property name="java.runtime.name" value="Java(TM) SE Runtime Environment"/>
    <property name="file.encoding" value="UTF-8"/>
    <property name="java.vm.name" value="Java HotSpot(TM) 64-Bit Server VM"/>
    <property name="maven.ext.class.path" value="/Users/AnjanaSruthiR/.vscode/extensions/oracle.oracle-java-23.1.0/nbcode/java/maven-nblib/netbeans-eventspy.jar"/>
    <property name="localRepository" value="/Users/AnjanaSruthiR/.m2/repository"/>
    <property name="java.vendor.url.bug" value="https://bugreport.java.com/bugreport/"/>
    <property name="java.io.tmpdir" value="/var/folders/fl/3nzbnpv1211_tq_4r0c88rtr0000gp/T/"/>
    <property name="java.version" value="19.0.2"/>
    <property name="user.dir" value="/Users/AnjanaSruthiR/GIT/DSAIPG_Assignments_PSA"/>
    <property name="os.arch" value="aarch64"/>
    <property name="java.vm.specification.name" value="Java Virtual Machine Specification"/>
    <property name="native.encoding" value="UTF-8"/>
    <property name="java.library.path" value="/Users/AnjanaSruthiR/Library/Java/Extensions:/Library/Java/Extensions:/Network/Library/Java/Extensions:/System/Library/Java/Extensions:/usr/lib/java:."/>
    <property name="java.vm.info" value="mixed mode, sharing"/>
    <property name="stderr.encoding" value="UTF-8"/>
    <property name="java.vendor" value="Oracle Corporation"/>
    <property name="java.vm.version" value="19.0.2+7-44"/>
    <property name="sun.io.unicode.encoding" value="UnicodeBig"/>
    <property name="socksNonProxyHosts" value="local|*.local|169.254/16|*.169.254/16"/>
    <property name="java.class.version" value="63.0"/>
  </properties>
  <testcase name="addChild" classname="com.phasmidsoftware.dsaipg.projects.mcts.tictactoe.TicTacToeNodeTest" time="0.002"/>
  <testcase name="state" classname="com.phasmidsoftware.dsaipg.projects.mcts.tictactoe.TicTacToeNodeTest" time="0.001"/>
  <testcase name="white" classname="com.phasmidsoftware.dsaipg.projects.mcts.tictactoe.TicTacToeNodeTest" time="0.0"/>
  <testcase name="backPropagate" classname="com.phasmidsoftware.dsaipg.projects.mcts.tictactoe.TicTacToeNodeTest" time="0.0"/>
  <testcase name="children" classname="com.phasmidsoftware.dsaipg.projects.mcts.tictactoe.TicTacToeNodeTest" time="0.0"/>
  <testcase name="winsAndPlayouts" classname="com.phasmidsoftware.dsaipg.projects.mcts.tictactoe.TicTacToeNodeTest" time="0.001"/>
</testsuite>